Flutter crash report.
Please report a bug at https://github.com/flutter/flutter/issues.

## command

flutter test --machine --start-paused -d N7VWDADQSC6S7LTO test\widget_test.dart

## exception

FileSystemException: FileSystemException: Cannot create link, path = 'C:\Users\pc\myproject\fennec\windows\flutter\ephemeral\.plugin_symlinks\path_provider_windows' (OS Error: Impossible de créer un fichier déjà existant.
, errno = 183)

```
#0      _Link.throwIfError (dart:io/link.dart:263:7)
#1      _Link.createSync (dart:io/link.dart:184:5)
#2      ForwardingLink.createSync (package:file/src/forwarding/forwarding_link.dart:20:16)
#3      ForwardingLink.createSync (package:file/src/forwarding/forwarding_link.dart:20:16)
#4      _createPlatformPluginSymlinks (package:flutter_tools/src/flutter_plugins.dart:1029:12)
#5      createPluginSymlinks (package:flutter_tools/src/flutter_plugins.dart:964:5)
#6      refreshPluginsList (package:flutter_tools/src/flutter_plugins.dart:1055:5)
<asynchronous suspension>
#7      FlutterProject.ensureReadyForPlatformSpecificTooling (package:flutter_tools/src/project.dart:316:5)
<asynchronous suspension>
#8      FlutterCommand.verifyThenRunCommand (package:flutter_tools/src/runner/flutter_command.dart:1306:7)
<asynchronous suspension>
#9      FlutterCommand.run.<anonymous closure> (package:flutter_tools/src/runner/flutter_command.dart:1161:27)
<asynchronous suspension>
#10     AppContext.run.<anonymous closure> (package:flutter_tools/src/base/context.dart:150:19)
<asynchronous suspension>
#11     CommandRunner.runCommand (package:args/command_runner.dart:209:13)
<asynchronous suspension>
#12     FlutterCommandRunner.runCommand.<anonymous closure> (package:flutter_tools/src/runner/flutter_command_runner.dart:281:9)
<asynchronous suspension>
#13     AppContext.run.<anonymous closure> (package:flutter_tools/src/base/context.dart:150:19)
<asynchronous suspension>
#14     FlutterCommandRunner.runCommand (package:flutter_tools/src/runner/flutter_command_runner.dart:229:5)
<asynchronous suspension>
#15     run.<anonymous closure>.<anonymous closure> (package:flutter_tools/runner.dart:62:9)
<asynchronous suspension>
#16     AppContext.run.<anonymous closure> (package:flutter_tools/src/base/context.dart:150:19)
<asynchronous suspension>
#17     main (package:flutter_tools/executable.dart:94:3)
<asynchronous suspension>
```

## flutter doctor

```
[✓] Flutter (Channel stable, 2.10.2, on Microsoft Windows [version 10.0.19042.1586], locale fr-FR)
    • Flutter version 2.10.2 at C:\Users\pc\flutter_windows_2.10.2-stable\flutter
    • Upstream repository https://github.com/flutter/flutter.git
    • Framework revision 097d3313d8 (7 weeks ago), 2022-02-18 19:33:08 -0600
    • Engine revision a83ed0e5e3
    • Dart version 2.16.1
    • DevTools version 2.9.2

[!] Android toolchain - develop for Android devices (Android SDK version 32.0.0)
    • Android SDK at C:\Users\pc\AppData\Local\Android\Sdk
    • Platform android-32, build-tools 32.0.0
    • ANDROID_HOME = C:\Users\pc\AppData\Local\Android\Sdk
    ✗ Android SDK file not found: C:\Users\pc\AppData\Local\Android\Sdk\platforms\android-32\android.jar.
    • Try re-installing or updating your Android SDK,
      visit https://flutter.dev/docs/get-started/install/windows#android-setup for detailed instructions.

[✓] Chrome - develop for the web
    • Chrome at C:\Program Files\Google\Chrome\Application\chrome.exe

[!] Visual Studio - develop for Windows (Visual Studio Community 2022 17.1.3)
    • Visual Studio at C:\Program Files\Microsoft Visual Studio\2022\Community
    • Visual Studio Community 2022 version 17.1.32328.378
    ✗ The current Visual Studio installation is incomplete. Please reinstall Visual Studio.

[✓] Android Studio (version 2021.1)
    • Android Studio at C:\Program Files\Android\Android Studio
    • Flutter plugin can be installed from:
      🔨 https://plugins.jetbrains.com/plugin/9212-flutter
    • Dart plugin can be installed from:
      🔨 https://plugins.jetbrains.com/plugin/6351-dart
    • Java version OpenJDK Runtime Environment (build 11.0.11+9-b60-7590822)

[✓] VS Code (version 1.66.1)
    • VS Code at C:\Users\pc\AppData\Local\Programs\Microsoft VS Code
    • Flutter extension version 3.38.1

[✓] Connected device (4 available)
    • PGN610 (mobile)   • N7VWDADQSC6S7LTO • android-arm64  • Android 7.0 (API 24)
    • Windows (desktop) • windows          • windows-x64    • Microsoft Windows [version 10.0.19042.1586]
    • Chrome (web)      • chrome           • web-javascript • Google Chrome 100.0.4896.75
    • Edge (web)        • edge             • web-javascript • Microsoft Edge 99.0.1150.46

[✓] HTTP Host Availability
    • All required HTTP hosts are available

! Doctor found issues in 2 categories.
```
